-------------------------------------------------------------------------------
Test set: com.adaptionsoft.games.trivia.SomeTest
-------------------------------------------------------------------------------
Tests run: 1, Failures: 1, Errors: 0, Skipped: 0, Time elapsed: 0.061 s <<< FAILURE! - in com.adaptionsoft.games.trivia.SomeTest
true_is_true  Time elapsed: 0.045 s  <<< FAILURE!
org.opentest4j.AssertionFailedError: expected: <true> but was: <false>
	at com.adaptionsoft.games.trivia.SomeTest.true_is_true(SomeTest.java:12)

